<?xml version="1.0" encoding="UTF-8"?>
<testng-results ignored="0" total="1" passed="1" failed="0" skipped="0">
  <reporter-output>
  </reporter-output>
  <suite started-at="2022-09-17T12:56:20 IST" name="Default suite" finished-at="2022-09-17T12:56:41 IST" duration-ms="20645">
    <groups>
    </groups>
    <test started-at="2022-09-17T12:56:20 IST" name="Default test" finished-at="2022-09-17T12:56:41 IST" duration-ms="20645">
      <class name="MavenDemo.SeleniumDemo.LoginTestDemo">
        <test-method is-config="true" signature="ChromeOpen()[pri:0, instance:MavenDemo.SeleniumDemo.LoginTestDemo@73700b80]" started-at="2022-09-17T12:56:20 IST" name="ChromeOpen" finished-at="2022-09-17T12:56:36 IST" duration-ms="15568" status="PASS">
          <reporter-output>
          </reporter-output>
        </test-method> <!-- ChromeOpen -->
        <test-method signature="LoginDemo()[pri:0, instance:MavenDemo.SeleniumDemo.LoginTestDemo@73700b80]" started-at="2022-09-17T12:56:36 IST" name="LoginDemo" finished-at="2022-09-17T12:56:41 IST" duration-ms="5002" status="PASS">
          <reporter-output>
          </reporter-output>
        </test-method> <!-- LoginDemo -->
      </class> <!-- MavenDemo.SeleniumDemo.LoginTestDemo -->
    </test> <!-- Default test -->
  </suite> <!-- Default suite -->
</testng-results>
